<?xml version="1.0" encoding="UTF-8"?>
<coverage generated="1718693258856" clover="3.2.0">
  <project timestamp="1718693258856" name="All files">
    <metrics statements="36" coveredstatements="35" conditionals="8" coveredconditionals="8" methods="3" coveredmethods="3" elements="47" coveredelements="46" complexity="0" loc="36" ncloc="36" packages="1" files="2" classes="2"/>
    <file name="Mailer_sanitize.utility.js" path="S:\webmailer\webmailer-main\src\utilities\mailer_utilities\Mailer_sanitize.utility.js">
      <metrics statements="15" coveredstatements="14" conditionals="2" coveredconditionals="2" methods="1" coveredmethods="1"/>
      <line num="2" count="1" type="stmt"/>
      <line num="6" count="1" type="stmt"/>
      <line num="14" count="1" type="stmt"/>
      <line num="21" count="1" type="stmt"/>
      <line num="29" count="1" type="stmt"/>
      <line num="31" count="5" type="stmt"/>
      <line num="32" count="5" type="cond" truecount="2" falsecount="0"/>
      <line num="33" count="5" type="stmt"/>
      <line num="34" count="5" type="stmt"/>
      <line num="37" count="0" type="stmt"/>
      <line num="42" count="1" type="stmt"/>
      <line num="49" count="1" type="stmt"/>
      <line num="50" count="1" type="stmt"/>
      <line num="51" count="1" type="stmt"/>
      <line num="52" count="1" type="stmt"/>
    </file>
    <file name="Mailer_validation.utility.js" path="S:\webmailer\webmailer-main\src\utilities\mailer_utilities\Mailer_validation.utility.js">
      <metrics statements="21" coveredstatements="21" conditionals="6" coveredconditionals="6" methods="2" coveredmethods="2"/>
      <line num="1" count="1" type="stmt"/>
      <line num="7" count="1" type="stmt"/>
      <line num="8" count="3" type="stmt"/>
      <line num="9" count="3" type="stmt"/>
      <line num="10" count="3" type="stmt"/>
      <line num="11" count="3" type="stmt"/>
      <line num="13" count="3" type="stmt"/>
      <line num="14" count="4" type="cond" truecount="2" falsecount="0"/>
      <line num="15" count="1" type="stmt"/>
      <line num="19" count="2" type="stmt"/>
      <line num="20" count="3" type="cond" truecount="2" falsecount="0"/>
      <line num="21" count="1" type="stmt"/>
      <line num="25" count="1" type="stmt"/>
      <line num="31" count="1" type="stmt"/>
      <line num="34" count="3" type="stmt"/>
      <line num="35" count="3" type="cond" truecount="2" falsecount="0"/>
      <line num="36" count="2" type="stmt"/>
      <line num="38" count="1" type="stmt"/>
      <line num="43" count="1" type="stmt"/>
      <line num="48" count="1" type="stmt"/>
      <line num="49" count="1" type="stmt"/>
    </file>
  </project>
</coverage>
