{"S:\\webmailer\\webmailer-main\\src\\utilities\\mailer_utilities\\Mailer_sanitize.utility.js": {"path":"S:\\webmailer\\webmailer-main\\src\\utilities\\mailer_utilities\\Mailer_sanitize.utility.js","statementMap":{"0":{"start":{"line":2,"column":18},"end":{"line":2,"column":46}},"1":{"start":{"line":6,"column":20},"end":{"line":8,"column":1}},"2":{"start":{"line":14,"column":21},"end":{"line":16,"column":1}},"3":{"start":{"line":21,"column":19},"end":{"line":23,"column":1}},"4":{"start":{"line":29,"column":24},"end":{"line":40,"column":3}},"5":{"start":{"line":31,"column":8},"end":{"line":38,"column":11}},"6":{"start":{"line":32,"column":25},"end":{"line":32,"column":94}},"7":{"start":{"line":33,"column":12},"end":{"line":33,"column":42}},"8":{"start":{"line":34,"column":12},"end":{"line":34,"column":26}},"9":{"start":{"line":37,"column":12},"end":{"line":37,"column":67}},"10":{"start":{"line":42,"column":0},"end":{"line":47,"column":4}},"11":{"start":{"line":49,"column":2},"end":{"line":49,"column":36}},"12":{"start":{"line":50,"column":2},"end":{"line":50,"column":38}},"13":{"start":{"line":51,"column":2},"end":{"line":51,"column":34}},"14":{"start":{"line":52,"column":2},"end":{"line":52,"column":44}}},"fnMap":{"0":{"name":"(anonymous_0)","decl":{"start":{"line":30,"column":106},"end":{"line":30,"column":107}},"loc":{"start":{"line":30,"column":115},"end":{"line":39,"column":9}},"line":30}},"branchMap":{"0":{"loc":{"start":{"line":32,"column":25},"end":{"line":32,"column":94}},"type":"cond-expr","locations":[{"start":{"line":32,"column":53},"end":{"line":32,"column":72}},{"start":{"line":32,"column":75},"end":{"line":32,"column":94}}],"line":32}},"s":{"0":1,"1":1,"2":1,"3":1,"4":1,"5":5,"6":5,"7":5,"8":5,"9":0,"10":1,"11":1,"12":1,"13":1,"14":1},"f":{"0":5},"b":{"0":[4,1]},"_coverageSchema":"1a1c01bbd47fc00a2c39e90264f33305004495a9","hash":"89b3efc8dc39bee8527fbd1e9dd54f4caae25747"}
,"S:\\webmailer\\webmailer-main\\src\\utilities\\mailer_utilities\\Mailer_validation.utility.js": {"path":"S:\\webmailer\\webmailer-main\\src\\utilities\\mailer_utilities\\Mailer_validation.utility.js","statementMap":{"0":{"start":{"line":1,"column":36},"end":{"line":1,"column":64}},"1":{"start":{"line":7,"column":34},"end":{"line":26,"column":1}},"2":{"start":{"line":8,"column":31},"end":{"line":8,"column":46}},"3":{"start":{"line":9,"column":31},"end":{"line":9,"column":48}},"4":{"start":{"line":10,"column":30},"end":{"line":10,"column":76}},"5":{"start":{"line":11,"column":30},"end":{"line":11,"column":52}},"6":{"start":{"line":13,"column":4},"end":{"line":17,"column":5}},"7":{"start":{"line":13,"column":17},"end":{"line":13,"column":18}},"8":{"start":{"line":14,"column":8},"end":{"line":16,"column":9}},"9":{"start":{"line":15,"column":12},"end":{"line":15,"column":105}},"10":{"start":{"line":19,"column":4},"end":{"line":23,"column":5}},"11":{"start":{"line":19,"column":17},"end":{"line":19,"column":18}},"12":{"start":{"line":20,"column":8},"end":{"line":22,"column":9}},"13":{"start":{"line":21,"column":12},"end":{"line":21,"column":115}},"14":{"start":{"line":25,"column":4},"end":{"line":25,"column":11}},"15":{"start":{"line":31,"column":20},"end":{"line":40,"column":3}},"16":{"start":{"line":34,"column":21},"end":{"line":34,"column":42}},"17":{"start":{"line":35,"column":6},"end":{"line":37,"column":7}},"18":{"start":{"line":36,"column":8},"end":{"line":36,"column":64}},"19":{"start":{"line":38,"column":6},"end":{"line":38,"column":13}},"20":{"start":{"line":43,"column":0},"end":{"line":46,"column":4}},"21":{"start":{"line":48,"column":0},"end":{"line":48,"column":34}},"22":{"start":{"line":49,"column":0},"end":{"line":49,"column":62}}},"fnMap":{"0":{"name":"(anonymous_0)","decl":{"start":{"line":7,"column":34},"end":{"line":7,"column":35}},"loc":{"start":{"line":7,"column":54},"end":{"line":26,"column":1}},"line":7},"1":{"name":"(anonymous_1)","decl":{"start":{"line":33,"column":4},"end":{"line":33,"column":5}},"loc":{"start":{"line":33,"column":24},"end":{"line":39,"column":5}},"line":33}},"branchMap":{"0":{"loc":{"start":{"line":14,"column":8},"end":{"line":16,"column":9}},"type":"if","locations":[{"start":{"line":14,"column":8},"end":{"line":16,"column":9}},{"start":{},"end":{}}],"line":14},"1":{"loc":{"start":{"line":20,"column":8},"end":{"line":22,"column":9}},"type":"if","locations":[{"start":{"line":20,"column":8},"end":{"line":22,"column":9}},{"start":{},"end":{}}],"line":20},"2":{"loc":{"start":{"line":35,"column":6},"end":{"line":37,"column":7}},"type":"if","locations":[{"start":{"line":35,"column":6},"end":{"line":37,"column":7}},{"start":{},"end":{}}],"line":35}},"s":{"0":1,"1":1,"2":3,"3":3,"4":3,"5":3,"6":3,"7":3,"8":4,"9":1,"10":2,"11":2,"12":3,"13":1,"14":1,"15":1,"16":3,"17":3,"18":2,"19":1,"20":1,"21":1,"22":1},"f":{"0":3,"1":3},"b":{"0":[1,3],"1":[1,2],"2":[2,1]},"_coverageSchema":"1a1c01bbd47fc00a2c39e90264f33305004495a9","hash":"82561ca45c2b60ba3a31e2a8339c5bda553a1b61"}
}
