TN:
SF:src\utilities\mailer_utilities\Mailer_sanitize.utility.js
FN:30,(anonymous_0)
FNF:1
FNH:1
FNDA:5,(anonymous_0)
DA:2,1
DA:6,1
DA:14,1
DA:21,1
DA:29,1
DA:31,5
DA:32,5
DA:33,5
DA:34,5
DA:37,0
DA:42,1
DA:49,1
DA:50,1
DA:51,1
DA:52,1
LF:15
LH:14
BRDA:32,0,0,4
BRDA:32,0,1,1
BRF:2
BRH:2
end_of_record
TN:
SF:src\utilities\mailer_utilities\Mailer_validation.utility.js
FN:7,(anonymous_0)
FN:33,(anonymous_1)
FNF:2
FNH:2
FNDA:3,(anonymous_0)
FNDA:3,(anonymous_1)
DA:1,1
DA:7,1
DA:8,3
DA:9,3
DA:10,3
DA:11,3
DA:13,3
DA:14,4
DA:15,1
DA:19,2
DA:20,3
DA:21,1
DA:25,1
DA:31,1
DA:34,3
DA:35,3
DA:36,2
DA:38,1
DA:43,1
DA:48,1
DA:49,1
LF:21
LH:21
BRDA:14,0,0,1
BRDA:14,0,1,3
BRDA:20,1,0,1
BRDA:20,1,1,2
BRDA:35,2,0,2
BRDA:35,2,1,1
BRF:6
BRH:6
end_of_record
